  [1m[35m (0.3ms)[0m  [1m[34mSELECT pg_try_advisory_lock(5022504912090105405)[0m
  [1m[35m (14.1ms)[0m  [1m[34mSELECT "schema_migrations"."version" FROM "schema_migrations" ORDER BY "schema_migrations"."version" ASC[0m
Migrating to CreateShelter (20191119023206)
  [1m[35m (0.2ms)[0m  [1m[35mBEGIN[0m
  [1m[35m (25.6ms)[0m  [1m[35mCREATE TABLE "shelters" ("id" bigserial primary key, "name" character varying, "address" character varying, "city" character varying, "state" character varying, "zip" character varying)[0m
  [1m[35m (0.1ms)[0m  [1m[31mROLLBACK[0m
  [1m[35m (0.2ms)[0m  [1m[34mSELECT pg_advisory_unlock(5022504912090105405)[0m
Started GET "/pets" for ::1 at 2019-12-04 11:49:53 -0700
  [1m[35m (1.7ms)[0m  [1m[34mSELECT "schema_migrations"."version" FROM "schema_migrations" ORDER BY "schema_migrations"."version" ASC[0m
  
ActiveRecord::PendingMigrationError (

Migrations are pending. To resolve this issue, run:

        bin/rails db:migrate RAILS_ENV=development

):
  
activerecord (5.1.7) lib/active_record/migration.rb:576:in `check_pending!'
activerecord (5.1.7) lib/active_record/migration.rb:553:in `call'
actionpack (5.1.7) lib/action_dispatch/middleware/callbacks.rb:26:in `block in call'
activesupport (5.1.7) lib/active_support/callbacks.rb:97:in `run_callbacks'
actionpack (5.1.7) lib/action_dispatch/middleware/callbacks.rb:24:in `call'
actionpack (5.1.7) lib/action_dispatch/middleware/executor.rb:12:in `call'
actionpack (5.1.7) lib/action_dispatch/middleware/debug_exceptions.rb:59:in `call'
web-console (3.7.0) lib/web_console/middleware.rb:135:in `call_app'
web-console (3.7.0) lib/web_console/middleware.rb:30:in `block in call'
web-console (3.7.0) lib/web_console/middleware.rb:20:in `catch'
web-console (3.7.0) lib/web_console/middleware.rb:20:in `call'
actionpack (5.1.7) lib/action_dispatch/middleware/show_exceptions.rb:31:in `call'
railties (5.1.7) lib/rails/rack/logger.rb:36:in `call_app'
railties (5.1.7) lib/rails/rack/logger.rb:24:in `block in call'
activesupport (5.1.7) lib/active_support/tagged_logging.rb:69:in `block in tagged'
activesupport (5.1.7) lib/active_support/tagged_logging.rb:26:in `tagged'
activesupport (5.1.7) lib/active_support/tagged_logging.rb:69:in `tagged'
railties (5.1.7) lib/rails/rack/logger.rb:24:in `call'
sprockets-rails (3.2.1) lib/sprockets/rails/quiet_assets.rb:13:in `call'
actionpack (5.1.7) lib/action_dispatch/middleware/remote_ip.rb:79:in `call'
actionpack (5.1.7) lib/action_dispatch/middleware/request_id.rb:25:in `call'
rack (2.0.7) lib/rack/method_override.rb:22:in `call'
rack (2.0.7) lib/rack/runtime.rb:22:in `call'
activesupport (5.1.7) lib/active_support/cache/strategy/local_cache_middleware.rb:27:in `call'
actionpack (5.1.7) lib/action_dispatch/middleware/executor.rb:12:in `call'
actionpack (5.1.7) lib/action_dispatch/middleware/static.rb:125:in `call'
rack (2.0.7) lib/rack/sendfile.rb:111:in `call'
railties (5.1.7) lib/rails/engine.rb:522:in `call'
puma (3.12.1) lib/puma/configuration.rb:227:in `call'
puma (3.12.1) lib/puma/server.rb:660:in `handle_request'
puma (3.12.1) lib/puma/server.rb:474:in `process_client'
puma (3.12.1) lib/puma/server.rb:334:in `block in run'
puma (3.12.1) lib/puma/thread_pool.rb:135:in `block in spawn_thread'
Started GET "/shelters" for ::1 at 2019-12-04 11:50:10 -0700
  [1m[35m (0.6ms)[0m  [1m[34mSELECT "schema_migrations"."version" FROM "schema_migrations" ORDER BY "schema_migrations"."version" ASC[0m
  
ActiveRecord::PendingMigrationError (

Migrations are pending. To resolve this issue, run:

        bin/rails db:migrate RAILS_ENV=development

):
  
activerecord (5.1.7) lib/active_record/migration.rb:576:in `check_pending!'
activerecord (5.1.7) lib/active_record/migration.rb:553:in `call'
actionpack (5.1.7) lib/action_dispatch/middleware/callbacks.rb:26:in `block in call'
activesupport (5.1.7) lib/active_support/callbacks.rb:97:in `run_callbacks'
actionpack (5.1.7) lib/action_dispatch/middleware/callbacks.rb:24:in `call'
actionpack (5.1.7) lib/action_dispatch/middleware/executor.rb:12:in `call'
actionpack (5.1.7) lib/action_dispatch/middleware/debug_exceptions.rb:59:in `call'
web-console (3.7.0) lib/web_console/middleware.rb:135:in `call_app'
web-console (3.7.0) lib/web_console/middleware.rb:30:in `block in call'
web-console (3.7.0) lib/web_console/middleware.rb:20:in `catch'
web-console (3.7.0) lib/web_console/middleware.rb:20:in `call'
actionpack (5.1.7) lib/action_dispatch/middleware/show_exceptions.rb:31:in `call'
railties (5.1.7) lib/rails/rack/logger.rb:36:in `call_app'
railties (5.1.7) lib/rails/rack/logger.rb:24:in `block in call'
activesupport (5.1.7) lib/active_support/tagged_logging.rb:69:in `block in tagged'
activesupport (5.1.7) lib/active_support/tagged_logging.rb:26:in `tagged'
activesupport (5.1.7) lib/active_support/tagged_logging.rb:69:in `tagged'
railties (5.1.7) lib/rails/rack/logger.rb:24:in `call'
sprockets-rails (3.2.1) lib/sprockets/rails/quiet_assets.rb:13:in `call'
actionpack (5.1.7) lib/action_dispatch/middleware/remote_ip.rb:79:in `call'
actionpack (5.1.7) lib/action_dispatch/middleware/request_id.rb:25:in `call'
rack (2.0.7) lib/rack/method_override.rb:22:in `call'
rack (2.0.7) lib/rack/runtime.rb:22:in `call'
activesupport (5.1.7) lib/active_support/cache/strategy/local_cache_middleware.rb:27:in `call'
actionpack (5.1.7) lib/action_dispatch/middleware/executor.rb:12:in `call'
actionpack (5.1.7) lib/action_dispatch/middleware/static.rb:125:in `call'
rack (2.0.7) lib/rack/sendfile.rb:111:in `call'
railties (5.1.7) lib/rails/engine.rb:522:in `call'
puma (3.12.1) lib/puma/configuration.rb:227:in `call'
puma (3.12.1) lib/puma/server.rb:660:in `handle_request'
puma (3.12.1) lib/puma/server.rb:474:in `process_client'
puma (3.12.1) lib/puma/server.rb:334:in `block in run'
puma (3.12.1) lib/puma/thread_pool.rb:135:in `block in spawn_thread'
Started GET "/shelters" for ::1 at 2019-12-04 14:22:13 -0700
  [1m[35m (1.2ms)[0m  [1m[34mSELECT "schema_migrations"."version" FROM "schema_migrations" ORDER BY "schema_migrations"."version" ASC[0m
  
ActiveRecord::PendingMigrationError (

Migrations are pending. To resolve this issue, run:

        bin/rails db:migrate RAILS_ENV=development

):
  
activerecord (5.1.7) lib/active_record/migration.rb:576:in `check_pending!'
activerecord (5.1.7) lib/active_record/migration.rb:553:in `call'
actionpack (5.1.7) lib/action_dispatch/middleware/callbacks.rb:26:in `block in call'
activesupport (5.1.7) lib/active_support/callbacks.rb:97:in `run_callbacks'
actionpack (5.1.7) lib/action_dispatch/middleware/callbacks.rb:24:in `call'
actionpack (5.1.7) lib/action_dispatch/middleware/executor.rb:12:in `call'
actionpack (5.1.7) lib/action_dispatch/middleware/debug_exceptions.rb:59:in `call'
web-console (3.7.0) lib/web_console/middleware.rb:135:in `call_app'
web-console (3.7.0) lib/web_console/middleware.rb:30:in `block in call'
web-console (3.7.0) lib/web_console/middleware.rb:20:in `catch'
web-console (3.7.0) lib/web_console/middleware.rb:20:in `call'
actionpack (5.1.7) lib/action_dispatch/middleware/show_exceptions.rb:31:in `call'
railties (5.1.7) lib/rails/rack/logger.rb:36:in `call_app'
railties (5.1.7) lib/rails/rack/logger.rb:24:in `block in call'
activesupport (5.1.7) lib/active_support/tagged_logging.rb:69:in `block in tagged'
activesupport (5.1.7) lib/active_support/tagged_logging.rb:26:in `tagged'
activesupport (5.1.7) lib/active_support/tagged_logging.rb:69:in `tagged'
railties (5.1.7) lib/rails/rack/logger.rb:24:in `call'
sprockets-rails (3.2.1) lib/sprockets/rails/quiet_assets.rb:13:in `call'
actionpack (5.1.7) lib/action_dispatch/middleware/remote_ip.rb:79:in `call'
actionpack (5.1.7) lib/action_dispatch/middleware/request_id.rb:25:in `call'
rack (2.0.7) lib/rack/method_override.rb:22:in `call'
rack (2.0.7) lib/rack/runtime.rb:22:in `call'
activesupport (5.1.7) lib/active_support/cache/strategy/local_cache_middleware.rb:27:in `call'
actionpack (5.1.7) lib/action_dispatch/middleware/executor.rb:12:in `call'
actionpack (5.1.7) lib/action_dispatch/middleware/static.rb:125:in `call'
rack (2.0.7) lib/rack/sendfile.rb:111:in `call'
railties (5.1.7) lib/rails/engine.rb:522:in `call'
puma (3.12.1) lib/puma/configuration.rb:227:in `call'
puma (3.12.1) lib/puma/server.rb:660:in `handle_request'
puma (3.12.1) lib/puma/server.rb:474:in `process_client'
puma (3.12.1) lib/puma/server.rb:334:in `block in run'
puma (3.12.1) lib/puma/thread_pool.rb:135:in `block in spawn_thread'
Started GET "/pets" for ::1 at 2019-12-04 14:22:22 -0700
  [1m[35m (0.6ms)[0m  [1m[34mSELECT "schema_migrations"."version" FROM "schema_migrations" ORDER BY "schema_migrations"."version" ASC[0m
  
ActiveRecord::PendingMigrationError (

Migrations are pending. To resolve this issue, run:

        bin/rails db:migrate RAILS_ENV=development

):
  
activerecord (5.1.7) lib/active_record/migration.rb:576:in `check_pending!'
activerecord (5.1.7) lib/active_record/migration.rb:553:in `call'
actionpack (5.1.7) lib/action_dispatch/middleware/callbacks.rb:26:in `block in call'
activesupport (5.1.7) lib/active_support/callbacks.rb:97:in `run_callbacks'
actionpack (5.1.7) lib/action_dispatch/middleware/callbacks.rb:24:in `call'
actionpack (5.1.7) lib/action_dispatch/middleware/executor.rb:12:in `call'
actionpack (5.1.7) lib/action_dispatch/middleware/debug_exceptions.rb:59:in `call'
web-console (3.7.0) lib/web_console/middleware.rb:135:in `call_app'
web-console (3.7.0) lib/web_console/middleware.rb:30:in `block in call'
web-console (3.7.0) lib/web_console/middleware.rb:20:in `catch'
web-console (3.7.0) lib/web_console/middleware.rb:20:in `call'
actionpack (5.1.7) lib/action_dispatch/middleware/show_exceptions.rb:31:in `call'
railties (5.1.7) lib/rails/rack/logger.rb:36:in `call_app'
railties (5.1.7) lib/rails/rack/logger.rb:24:in `block in call'
activesupport (5.1.7) lib/active_support/tagged_logging.rb:69:in `block in tagged'
activesupport (5.1.7) lib/active_support/tagged_logging.rb:26:in `tagged'
activesupport (5.1.7) lib/active_support/tagged_logging.rb:69:in `tagged'
railties (5.1.7) lib/rails/rack/logger.rb:24:in `call'
sprockets-rails (3.2.1) lib/sprockets/rails/quiet_assets.rb:13:in `call'
actionpack (5.1.7) lib/action_dispatch/middleware/remote_ip.rb:79:in `call'
actionpack (5.1.7) lib/action_dispatch/middleware/request_id.rb:25:in `call'
rack (2.0.7) lib/rack/method_override.rb:22:in `call'
rack (2.0.7) lib/rack/runtime.rb:22:in `call'
activesupport (5.1.7) lib/active_support/cache/strategy/local_cache_middleware.rb:27:in `call'
actionpack (5.1.7) lib/action_dispatch/middleware/executor.rb:12:in `call'
actionpack (5.1.7) lib/action_dispatch/middleware/static.rb:125:in `call'
rack (2.0.7) lib/rack/sendfile.rb:111:in `call'
railties (5.1.7) lib/rails/engine.rb:522:in `call'
puma (3.12.1) lib/puma/configuration.rb:227:in `call'
puma (3.12.1) lib/puma/server.rb:660:in `handle_request'
puma (3.12.1) lib/puma/server.rb:474:in `process_client'
puma (3.12.1) lib/puma/server.rb:334:in `block in run'
puma (3.12.1) lib/puma/thread_pool.rb:135:in `block in spawn_thread'
  [1m[35m (1.3ms)[0m  [1m[34mSELECT pg_try_advisory_lock(5022504912090105405)[0m
  [1m[35m (0.4ms)[0m  [1m[34mSELECT "schema_migrations"."version" FROM "schema_migrations" ORDER BY "schema_migrations"."version" ASC[0m
Migrating to CreateShelter (20191119023206)
  [1m[35m (0.1ms)[0m  [1m[35mBEGIN[0m
  [1m[35m (7.9ms)[0m  [1m[35mCREATE TABLE "shelters" ("id" bigserial primary key, "name" character varying, "address" character varying, "city" character varying, "state" character varying, "zip" character varying)[0m
  [1m[35m (0.1ms)[0m  [1m[31mROLLBACK[0m
  [1m[35m (0.2ms)[0m  [1m[34mSELECT pg_advisory_unlock(5022504912090105405)[0m
  [1m[35m (0.6ms)[0m  [1m[34mSELECT "schema_migrations"."version" FROM "schema_migrations" ORDER BY "schema_migrations"."version" ASC[0m
  [1m[35m (0.4ms)[0m  [1m[34mSELECT "ar_internal_metadata"."value" FROM "ar_internal_metadata" WHERE "ar_internal_metadata"."key" = $1[0m  [["key", "environment"]]
  [1m[35m (0.2ms)[0m  [1m[34mSELECT "schema_migrations"."version" FROM "schema_migrations" ORDER BY "schema_migrations"."version" ASC[0m
  [1m[35m (0.1ms)[0m  [1m[34mSELECT "ar_internal_metadata"."value" FROM "ar_internal_metadata" WHERE "ar_internal_metadata"."key" = $1[0m  [["key", "environment"]]
  [1m[35m (0.1ms)[0m  [1m[34mSELECT "schema_migrations"."version" FROM "schema_migrations" ORDER BY "schema_migrations"."version" ASC[0m
  [1m[35m (0.1ms)[0m  [1m[34mSELECT "ar_internal_metadata"."value" FROM "ar_internal_metadata" WHERE "ar_internal_metadata"."key" = $1[0m  [["key", "environment"]]
  [1m[35m (214.9ms)[0m  [1m[35mDROP DATABASE IF EXISTS "adopt_dont_shop_development"[0m
  [1m[35m (203.9ms)[0m  [1m[35mDROP DATABASE IF EXISTS "adopt_dont_shop_test"[0m
  [1m[35m (4.5ms)[0m  [1m[35mCREATE TABLE "schema_migrations" ("version" character varying NOT NULL PRIMARY KEY)[0m
  [1m[35m (2.2ms)[0m  [1m[35mCREATE TABLE "ar_internal_metadata" ("key" character varying NOT NULL PRIMARY KEY, "value" character varying, "created_at" timestamp NOT NULL, "updated_at" timestamp NOT NULL)[0m
  [1m[35m (0.2ms)[0m  [1m[34mSELECT pg_try_advisory_lock(5022504912090105405)[0m
  [1m[35m (0.3ms)[0m  [1m[34mSELECT "schema_migrations"."version" FROM "schema_migrations" ORDER BY "schema_migrations"."version" ASC[0m
Migrating to CreateShelter (20191119023206)
  [1m[35m (0.1ms)[0m  [1m[35mBEGIN[0m
  [1m[35m (3.9ms)[0m  [1m[35mCREATE TABLE "shelters" ("id" bigserial primary key, "name" character varying, "address" character varying, "city" character varying, "state" character varying, "zip" character varying)[0m
  [1m[35mSQL (0.3ms)[0m  [1m[32mINSERT INTO "schema_migrations" ("version") VALUES ($1) RETURNING "version"[0m  [["version", "20191119023206"]]
  [1m[35m (1.1ms)[0m  [1m[35mCOMMIT[0m
Migrating to CreatePet (20191119225757)
  [1m[35m (0.4ms)[0m  [1m[35mBEGIN[0m
  [1m[35m (3.3ms)[0m  [1m[35mCREATE TABLE "pets" ("id" bigserial primary key, "name" character varying, "approximate_age" integer, "sex" character varying)[0m
  [1m[35mSQL (0.2ms)[0m  [1m[32mINSERT INTO "schema_migrations" ("version") VALUES ($1) RETURNING "version"[0m  [["version", "20191119225757"]]
  [1m[35m (0.4ms)[0m  [1m[35mCOMMIT[0m
Migrating to AddShelterIdToPets (20191119230522)
  [1m[35m (0.2ms)[0m  [1m[35mBEGIN[0m
  [1m[35m (0.9ms)[0m  [1m[35mALTER TABLE "pets" ADD "shelter_id" bigint[0m
  [1m[35m (1.8ms)[0m  [1m[35mCREATE  INDEX  "index_pets_on_shelter_id" ON "pets"  ("shelter_id")[0m
  [1m[35m (2.5ms)[0m  [1m[35mALTER TABLE "pets" ADD CONSTRAINT "fk_rails_92fb5d7a05"
FOREIGN KEY ("shelter_id")
  REFERENCES "shelters" ("id")
[0m
  [1m[35mSQL (0.2ms)[0m  [1m[32mINSERT INTO "schema_migrations" ("version") VALUES ($1) RETURNING "version"[0m  [["version", "20191119230522"]]
  [1m[35m (0.4ms)[0m  [1m[35mCOMMIT[0m
Migrating to AddImageFieldToPets (20191120225759)
  [1m[35m (0.1ms)[0m  [1m[35mBEGIN[0m
  [1m[35m (0.3ms)[0m  [1m[35mALTER TABLE "pets" ADD "image" character varying[0m
  [1m[35mSQL (0.2ms)[0m  [1m[32mINSERT INTO "schema_migrations" ("version") VALUES ($1) RETURNING "version"[0m  [["version", "20191120225759"]]
  [1m[35m (0.4ms)[0m  [1m[35mCOMMIT[0m
Migrating to AddDescriptionToPets (20191121021930)
  [1m[35m (0.1ms)[0m  [1m[35mBEGIN[0m
  [1m[35m (0.2ms)[0m  [1m[35mALTER TABLE "pets" ADD "description" character varying[0m
  [1m[35mSQL (0.2ms)[0m  [1m[32mINSERT INTO "schema_migrations" ("version") VALUES ($1) RETURNING "version"[0m  [["version", "20191121021930"]]
  [1m[35m (0.4ms)[0m  [1m[35mCOMMIT[0m
Migrating to AddAdoptionStatusToPets (20191121022448)
  [1m[35m (0.1ms)[0m  [1m[35mBEGIN[0m
  [1m[35m (0.3ms)[0m  [1m[35mALTER TABLE "pets" ADD "adoptable" boolean DEFAULT 't'[0m
  [1m[35mSQL (0.3ms)[0m  [1m[32mINSERT INTO "schema_migrations" ("version") VALUES ($1) RETURNING "version"[0m  [["version", "20191121022448"]]
  [1m[35m (0.5ms)[0m  [1m[35mCOMMIT[0m
Migrating to CreateReviews (20191203030253)
  [1m[35m (0.1ms)[0m  [1m[35mBEGIN[0m
  [1m[35m (3.2ms)[0m  [1m[35mCREATE TABLE "reviews" ("id" bigserial primary key, "title" character varying, "rating" integer, "content" character varying, "opt_picture" character varying)[0m
  [1m[35mSQL (0.2ms)[0m  [1m[32mINSERT INTO "schema_migrations" ("version") VALUES ($1) RETURNING "version"[0m  [["version", "20191203030253"]]
  [1m[35m (0.8ms)[0m  [1m[35mCOMMIT[0m
Migrating to AddSheltersToReviews (20191203031343)
  [1m[35m (0.3ms)[0m  [1m[35mBEGIN[0m
  [1m[35m (0.2ms)[0m  [1m[35mALTER TABLE "reviews" ADD "shelter_id" bigint[0m
  [1m[35m (1.1ms)[0m  [1m[35mCREATE  INDEX  "index_reviews_on_shelter_id" ON "reviews"  ("shelter_id")[0m
  [1m[35m (1.0ms)[0m  [1m[35mALTER TABLE "reviews" ADD CONSTRAINT "fk_rails_131565a078"
FOREIGN KEY ("shelter_id")
  REFERENCES "shelters" ("id")
[0m
  [1m[35mSQL (0.3ms)[0m  [1m[32mINSERT INTO "schema_migrations" ("version") VALUES ($1) RETURNING "version"[0m  [["version", "20191203031343"]]
  [1m[35m (0.4ms)[0m  [1m[35mCOMMIT[0m
Migrating to CreateFavorites (20191204200253)
  [1m[35m (0.2ms)[0m  [1m[35mBEGIN[0m
  [1m[35m (3.2ms)[0m  [1m[35mCREATE TABLE "favorites" ("id" bigserial primary key, "pet_id" bigint, CONSTRAINT "fk_rails_1fb36b410b"
FOREIGN KEY ("pet_id")
  REFERENCES "pets" ("id")
)[0m
  [1m[35m (1.1ms)[0m  [1m[35mCREATE  INDEX  "index_favorites_on_pet_id" ON "favorites"  ("pet_id")[0m
  [1m[35mSQL (0.2ms)[0m  [1m[32mINSERT INTO "schema_migrations" ("version") VALUES ($1) RETURNING "version"[0m  [["version", "20191204200253"]]
  [1m[35m (0.4ms)[0m  [1m[35mCOMMIT[0m
  [1m[36mActiveRecord::InternalMetadata Load (0.3ms)[0m  [1m[34mSELECT  "ar_internal_metadata".* FROM "ar_internal_metadata" WHERE "ar_internal_metadata"."key" = $1 LIMIT $2[0m  [["key", "environment"], ["LIMIT", 1]]
  [1m[35m (0.2ms)[0m  [1m[35mBEGIN[0m
  [1m[35mSQL (0.4ms)[0m  [1m[32mINSERT INTO "ar_internal_metadata" ("key", "value", "created_at", "updated_at") VALUES ($1, $2, $3, $4) RETURNING "key"[0m  [["key", "environment"], ["value", "development"], ["created_at", "2019-12-04 21:23:55.966857"], ["updated_at", "2019-12-04 21:23:55.966857"]]
  [1m[35m (0.3ms)[0m  [1m[35mCOMMIT[0m
  [1m[35m (0.2ms)[0m  [1m[34mSELECT pg_advisory_unlock(5022504912090105405)[0m
  [1m[35m (0.9ms)[0m  [1m[34mSELECT "schema_migrations"."version" FROM "schema_migrations" ORDER BY "schema_migrations"."version" ASC[0m
Started GET "/pets" for ::1 at 2019-12-04 14:24:07 -0700
  [1m[35m (0.5ms)[0m  [1m[34mSELECT "schema_migrations"."version" FROM "schema_migrations" ORDER BY "schema_migrations"."version" ASC[0m
Processing by PetsController#index as HTML
  Rendering pets/index.html.erb within layouts/application
  [1m[35m (0.3ms)[0m  [1m[34mSELECT COUNT(*) FROM "pets"[0m
  [1m[36mPet Load (0.2ms)[0m  [1m[34mSELECT "pets".* FROM "pets"[0m
  Rendered pets/index.html.erb within layouts/application (3.8ms)
  [1m[35m (0.6ms)[0m  [1m[34mSELECT COUNT(*) FROM "favorites"[0m
Completed 200 OK in 199ms (Views: 178.8ms | ActiveRecord: 3.7ms)


  [1m[35m (0.4ms)[0m  [1m[34mSELECT "schema_migrations"."version" FROM "schema_migrations" ORDER BY "schema_migrations"."version" ASC[0m
  [1m[35m (0.1ms)[0m  [1m[35mBEGIN[0m
  [1m[35mSQL (0.6ms)[0m  [1m[32mINSERT INTO "shelters" ("name", "address", "city", "state", "zip") VALUES ($1, $2, $3, $4, $5) RETURNING "id"[0m  [["name", "Denver Dog Shelter"], ["address", "123 Main St"], ["city", "Denver"], ["state", "CO"], ["zip", "80206"]]
  [1m[35m (0.4ms)[0m  [1m[35mCOMMIT[0m
  [1m[35m (0.1ms)[0m  [1m[35mBEGIN[0m
  [1m[35mSQL (0.2ms)[0m  [1m[32mINSERT INTO "shelters" ("name", "address", "city", "state", "zip") VALUES ($1, $2, $3, $4, $5) RETURNING "id"[0m  [["name", "Denver Cat Shelter"], ["address", "123 Meow St"], ["city", "Denver"], ["state", "CO"], ["zip", "80206"]]
  [1m[35m (0.3ms)[0m  [1m[35mCOMMIT[0m
  [1m[35m (0.1ms)[0m  [1m[35mBEGIN[0m
  [1m[35mSQL (0.8ms)[0m  [1m[32mINSERT INTO "pets" ("name", "approximate_age", "sex", "shelter_id", "image", "description") VALUES ($1, $2, $3, $4, $5, $6) RETURNING "id"[0m  [["name", "Sparky"], ["approximate_age", 7], ["sex", "male"], ["shelter_id", 1], ["image", "https://www.washingtonpost.com/resizer/kPkFQsQjvSIjfXG-mFXDEpxq6-4=/767x0/smart/arc-anglerfish-washpost-prod-washpost.s3.amazonaws.com/public/HB4AT3D3IMI6TMPTWIZ74WAR54.jpg"], ["description", "Sparky loves to play! His favorite game is No Take, Only Throw."]]
  [1m[35m (1.9ms)[0m  [1m[35mCOMMIT[0m
  [1m[35m (0.2ms)[0m  [1m[35mBEGIN[0m
  [1m[35mSQL (0.5ms)[0m  [1m[32mINSERT INTO "pets" ("name", "approximate_age", "sex", "shelter_id", "image", "description", "adoptable") VALUES ($1, $2, $3, $4, $5, $6, $7) RETURNING "id"[0m  [["name", "Jerry"], ["approximate_age", 2], ["sex", "male"], ["shelter_id", 1], ["image", "http://santansun.com/wp-content/uploads/2018/11/5b7fdeab1900001d035028dc.jpeg"], ["description", "You're looking at your new best friend!"], ["adoptable", "f"]]
  [1m[35m (0.4ms)[0m  [1m[35mCOMMIT[0m
  [1m[35m (0.1ms)[0m  [1m[35mBEGIN[0m
  [1m[35mSQL (0.3ms)[0m  [1m[32mINSERT INTO "pets" ("name", "approximate_age", "sex", "shelter_id", "image", "description") VALUES ($1, $2, $3, $4, $5, $6) RETURNING "id"[0m  [["name", "Louise"], ["approximate_age", 2], ["sex", "male"], ["shelter_id", 2], ["image", "https://upload.wikimedia.org/wikipedia/commons/b/b5/Airedale_terrier_head%2C_Josselin_01.jpg"], ["description", "Louise loves people, places, and things."]]
  [1m[35m (0.3ms)[0m  [1m[35mCOMMIT[0m
  [1m[35m (0.1ms)[0m  [1m[35mBEGIN[0m
  [1m[35mSQL (0.3ms)[0m  [1m[32mINSERT INTO "pets" ("name", "approximate_age", "sex", "shelter_id", "image", "description", "adoptable") VALUES ($1, $2, $3, $4, $5, $6, $7) RETURNING "id"[0m  [["name", "Frank"], ["approximate_age", 1], ["sex", "male"], ["shelter_id", 2], ["image", "https://petlandbradenton.com/wp-content/uploads/2018/02/1045420_800.jpg"], ["description", "Frank the tank - this chonk will be over 200 lbs when he is full grown."], ["adoptable", "f"]]
  [1m[35m (0.4ms)[0m  [1m[35mCOMMIT[0m
  [1m[35m (0.1ms)[0m  [1m[35mBEGIN[0m
  [1m[35mSQL (0.7ms)[0m  [1m[32mINSERT INTO "reviews" ("title", "rating", "content", "opt_picture", "shelter_id") VALUES ($1, $2, $3, $4, $5) RETURNING "id"[0m  [["title", "WOW! AWESOME SHELTER!"], ["rating", 5], ["content", "I adopted my friendly pup from here! 10/10 would go back."], ["opt_picture", "https://coxrare.files.wordpress.com/2018/07/human-empathy-dogs.png?w=1200&h=627&crop=1"], ["shelter_id", 1]]
  [1m[35m (0.4ms)[0m  [1m[35mCOMMIT[0m
  [1m[35m (0.1ms)[0m  [1m[35mBEGIN[0m
  [1m[35mSQL (0.3ms)[0m  [1m[32mINSERT INTO "reviews" ("title", "rating", "content", "opt_picture", "shelter_id") VALUES ($1, $2, $3, $4, $5) RETURNING "id"[0m  [["title", "Cleanest shelter I've been to!"], ["rating", 5], ["content", "I adopted my friendly pups from here!"], ["opt_picture", "https://st2.depositphotos.com/4967775/11323/v/950/depositphotos_113235752-stock-illustration-avatar-girls-icon-vector-woman.jpg"], ["shelter_id", 1]]
  [1m[35m (0.4ms)[0m  [1m[35mCOMMIT[0m
Started GET "/pets" for ::1 at 2019-12-04 14:24:30 -0700
  [1m[35m (0.5ms)[0m  [1m[34mSELECT "schema_migrations"."version" FROM "schema_migrations" ORDER BY "schema_migrations"."version" ASC[0m
Processing by PetsController#index as HTML
  Rendering pets/index.html.erb within layouts/application
  [1m[35m (0.4ms)[0m  [1m[34mSELECT COUNT(*) FROM "pets"[0m
  [1m[36mPet Load (0.1ms)[0m  [1m[34mSELECT "pets".* FROM "pets"[0m
  [1m[36mShelter Load (0.5ms)[0m  [1m[34mSELECT  "shelters".* FROM "shelters" WHERE "shelters"."id" = $1 LIMIT $2[0m  [["id", 1], ["LIMIT", 1]]
  [1m[36mShelter Load (0.2ms)[0m  [1m[34mSELECT  "shelters".* FROM "shelters" WHERE "shelters"."id" = $1 LIMIT $2[0m  [["id", 1], ["LIMIT", 1]]
  [1m[36mShelter Load (0.2ms)[0m  [1m[34mSELECT  "shelters".* FROM "shelters" WHERE "shelters"."id" = $1 LIMIT $2[0m  [["id", 2], ["LIMIT", 1]]
  [1m[36mShelter Load (0.2ms)[0m  [1m[34mSELECT  "shelters".* FROM "shelters" WHERE "shelters"."id" = $1 LIMIT $2[0m  [["id", 2], ["LIMIT", 1]]
  Rendered pets/index.html.erb within layouts/application (36.5ms)
  [1m[35m (0.4ms)[0m  [1m[34mSELECT COUNT(*) FROM "favorites"[0m
Completed 200 OK in 184ms (Views: 163.7ms | ActiveRecord: 10.4ms)


Started GET "/pets/1" for ::1 at 2019-12-04 14:24:33 -0700
Processing by PetsController#show as HTML
  Parameters: {"id"=>"1"}
  [1m[36mPet Load (0.3ms)[0m  [1m[34mSELECT  "pets".* FROM "pets" WHERE "pets"."id" = $1 LIMIT $2[0m  [["id", 1], ["LIMIT", 1]]
  Rendering pets/show.html.erb within layouts/application
  [1m[36mShelter Load (0.6ms)[0m  [1m[34mSELECT  "shelters".* FROM "shelters" WHERE "shelters"."id" = $1 LIMIT $2[0m  [["id", 1], ["LIMIT", 1]]
  Rendered pets/show.html.erb within layouts/application (8.0ms)
  [1m[35m (0.5ms)[0m  [1m[34mSELECT COUNT(*) FROM "favorites"[0m
Completed 200 OK in 32ms (Views: 17.2ms | ActiveRecord: 5.4ms)


Started POST "/pets/1/favorite" for ::1 at 2019-12-04 14:24:38 -0700
Processing by FavoritesController#create as HTML
  Parameters: {"authenticity_token"=>"pOtDYxcxG8S4M7iFF1I8G5FSkZ8aH95VPcruS7epp0j2cKEX3kE5OVP9xHM9Q7bwlZhhktznUe+xbhQR7k0mJg==", "pet_id"=>"1"}
  [1m[36mPet Load (0.4ms)[0m  [1m[34mSELECT  "pets".* FROM "pets" WHERE "pets"."id" = $1 LIMIT $2[0m  [["id", 1], ["LIMIT", 1]]
  [1m[35m (0.1ms)[0m  [1m[35mBEGIN[0m
  [1m[35mSQL (1.1ms)[0m  [1m[32mINSERT INTO "favorites" ("pet_id") VALUES ($1) RETURNING "id"[0m  [["pet_id", 1]]
  [1m[35m (0.4ms)[0m  [1m[35mCOMMIT[0m
Redirected to http://localhost:3000/pets/1
Completed 302 Found in 10ms (ActiveRecord: 4.7ms)


Started GET "/pets/1" for ::1 at 2019-12-04 14:24:38 -0700
Processing by PetsController#show as HTML
  Parameters: {"id"=>"1"}
  [1m[36mPet Load (1.0ms)[0m  [1m[34mSELECT  "pets".* FROM "pets" WHERE "pets"."id" = $1 LIMIT $2[0m  [["id", 1], ["LIMIT", 1]]
  Rendering pets/show.html.erb within layouts/application
  [1m[36mShelter Load (0.2ms)[0m  [1m[34mSELECT  "shelters".* FROM "shelters" WHERE "shelters"."id" = $1 LIMIT $2[0m  [["id", 1], ["LIMIT", 1]]
  Rendered pets/show.html.erb within layouts/application (2.2ms)
  [1m[35m (0.2ms)[0m  [1m[34mSELECT COUNT(*) FROM "favorites"[0m
Completed 200 OK in 17ms (Views: 12.2ms | ActiveRecord: 1.4ms)


Started POST "/pets/1/favorite" for ::1 at 2019-12-04 14:24:43 -0700
Processing by FavoritesController#create as HTML
  Parameters: {"authenticity_token"=>"rk0TVS23v3gcUKm4i1KAXNfMAKGZEfufh1lPK4KUMzL81vEh5Medhfee1U6hQwq30wbwrF/pdCUL/bVx23CyXA==", "pet_id"=>"1"}
  [1m[36mPet Load (0.7ms)[0m  [1m[34mSELECT  "pets".* FROM "pets" WHERE "pets"."id" = $1 LIMIT $2[0m  [["id", 1], ["LIMIT", 1]]
  [1m[35m (1.4ms)[0m  [1m[35mBEGIN[0m
  [1m[35mSQL (1.2ms)[0m  [1m[32mINSERT INTO "favorites" ("pet_id") VALUES ($1) RETURNING "id"[0m  [["pet_id", 1]]
  [1m[35m (0.5ms)[0m  [1m[35mCOMMIT[0m
Redirected to http://localhost:3000/pets/1
Completed 302 Found in 7ms (ActiveRecord: 3.8ms)


Started GET "/pets/1" for ::1 at 2019-12-04 14:24:43 -0700
Processing by PetsController#show as HTML
  Parameters: {"id"=>"1"}
  [1m[36mPet Load (0.2ms)[0m  [1m[34mSELECT  "pets".* FROM "pets" WHERE "pets"."id" = $1 LIMIT $2[0m  [["id", 1], ["LIMIT", 1]]
  Rendering pets/show.html.erb within layouts/application
  [1m[36mShelter Load (0.3ms)[0m  [1m[34mSELECT  "shelters".* FROM "shelters" WHERE "shelters"."id" = $1 LIMIT $2[0m  [["id", 1], ["LIMIT", 1]]
  Rendered pets/show.html.erb within layouts/application (2.3ms)
  [1m[35m (0.4ms)[0m  [1m[34mSELECT COUNT(*) FROM "favorites"[0m
Completed 200 OK in 16ms (Views: 12.8ms | ActiveRecord: 0.9ms)


Started POST "/pets/1/favorite" for ::1 at 2019-12-04 14:24:45 -0700
Processing by FavoritesController#create as HTML
  Parameters: {"authenticity_token"=>"BzP/534w2EQZAb708OGVW3ES9M3/z4FiMblZtciPfY5VqB2Tt0D6ufLPwgLa8B+wddgEwDk3Dti9HaPvkWv84A==", "pet_id"=>"1"}
  [1m[36mPet Load (0.2ms)[0m  [1m[34mSELECT  "pets".* FROM "pets" WHERE "pets"."id" = $1 LIMIT $2[0m  [["id", 1], ["LIMIT", 1]]
  [1m[35m (0.2ms)[0m  [1m[35mBEGIN[0m
  [1m[35mSQL (0.6ms)[0m  [1m[32mINSERT INTO "favorites" ("pet_id") VALUES ($1) RETURNING "id"[0m  [["pet_id", 1]]
  [1m[35m (0.9ms)[0m  [1m[35mCOMMIT[0m
Redirected to http://localhost:3000/pets/1
Completed 302 Found in 6ms (ActiveRecord: 1.9ms)


Started GET "/pets/1" for ::1 at 2019-12-04 14:24:45 -0700
Processing by PetsController#show as HTML
  Parameters: {"id"=>"1"}
  [1m[36mPet Load (0.3ms)[0m  [1m[34mSELECT  "pets".* FROM "pets" WHERE "pets"."id" = $1 LIMIT $2[0m  [["id", 1], ["LIMIT", 1]]
  Rendering pets/show.html.erb within layouts/application
  [1m[36mShelter Load (0.2ms)[0m  [1m[34mSELECT  "shelters".* FROM "shelters" WHERE "shelters"."id" = $1 LIMIT $2[0m  [["id", 1], ["LIMIT", 1]]
  Rendered pets/show.html.erb within layouts/application (2.0ms)
  [1m[35m (0.3ms)[0m  [1m[34mSELECT COUNT(*) FROM "favorites"[0m
Completed 200 OK in 15ms (Views: 11.6ms | ActiveRecord: 0.8ms)


Started POST "/pets/1/favorite" for ::1 at 2019-12-04 14:24:47 -0700
Processing by FavoritesController#create as HTML
  Parameters: {"authenticity_token"=>"JJH/tPVQTgbHSr4XTmBB9wMO3bMwAJivwpx1kdMQkrh2Ch3APCBs+yyEwuFkccscB8Qtvvb4FxVOOI/LivQT1g==", "pet_id"=>"1"}
  [1m[36mPet Load (0.7ms)[0m  [1m[34mSELECT  "pets".* FROM "pets" WHERE "pets"."id" = $1 LIMIT $2[0m  [["id", 1], ["LIMIT", 1]]
  [1m[35m (0.1ms)[0m  [1m[35mBEGIN[0m
  [1m[35mSQL (0.5ms)[0m  [1m[32mINSERT INTO "favorites" ("pet_id") VALUES ($1) RETURNING "id"[0m  [["pet_id", 1]]
  [1m[35m (0.5ms)[0m  [1m[35mCOMMIT[0m
Redirected to http://localhost:3000/pets/1
Completed 302 Found in 6ms (ActiveRecord: 1.8ms)


Started GET "/pets/1" for ::1 at 2019-12-04 14:24:47 -0700
Processing by PetsController#show as HTML
  Parameters: {"id"=>"1"}
  [1m[36mPet Load (0.2ms)[0m  [1m[34mSELECT  "pets".* FROM "pets" WHERE "pets"."id" = $1 LIMIT $2[0m  [["id", 1], ["LIMIT", 1]]
  Rendering pets/show.html.erb within layouts/application
  [1m[36mShelter Load (0.2ms)[0m  [1m[34mSELECT  "shelters".* FROM "shelters" WHERE "shelters"."id" = $1 LIMIT $2[0m  [["id", 1], ["LIMIT", 1]]
  Rendered pets/show.html.erb within layouts/application (1.8ms)
  [1m[35m (0.2ms)[0m  [1m[34mSELECT COUNT(*) FROM "favorites"[0m
Completed 200 OK in 15ms (Views: 11.9ms | ActiveRecord: 0.7ms)


Started POST "/pets/1/favorite" for ::1 at 2019-12-04 14:24:47 -0700
Processing by FavoritesController#create as HTML
  Parameters: {"authenticity_token"=>"QxoGDQNhKo2y18epuJoY/1jgar9QqyUMMqbEvxrPBDgRgeR5yhEIcFkZu1+Si5IUXCqaspZTqra+Aj7lQyuFVg==", "pet_id"=>"1"}
  [1m[36mPet Load (0.2ms)[0m  [1m[34mSELECT  "pets".* FROM "pets" WHERE "pets"."id" = $1 LIMIT $2[0m  [["id", 1], ["LIMIT", 1]]
  [1m[35m (0.2ms)[0m  [1m[35mBEGIN[0m
  [1m[35mSQL (1.5ms)[0m  [1m[32mINSERT INTO "favorites" ("pet_id") VALUES ($1) RETURNING "id"[0m  [["pet_id", 1]]
  [1m[35m (0.4ms)[0m  [1m[35mCOMMIT[0m
Redirected to http://localhost:3000/pets/1
Completed 302 Found in 6ms (ActiveRecord: 2.4ms)


Started GET "/pets/1" for ::1 at 2019-12-04 14:24:47 -0700
Processing by PetsController#show as HTML
  Parameters: {"id"=>"1"}
  [1m[36mPet Load (0.3ms)[0m  [1m[34mSELECT  "pets".* FROM "pets" WHERE "pets"."id" = $1 LIMIT $2[0m  [["id", 1], ["LIMIT", 1]]
  Rendering pets/show.html.erb within layouts/application
  [1m[36mShelter Load (0.2ms)[0m  [1m[34mSELECT  "shelters".* FROM "shelters" WHERE "shelters"."id" = $1 LIMIT $2[0m  [["id", 1], ["LIMIT", 1]]
  Rendered pets/show.html.erb within layouts/application (1.8ms)
  [1m[35m (0.2ms)[0m  [1m[34mSELECT COUNT(*) FROM "favorites"[0m
Completed 200 OK in 17ms (Views: 13.4ms | ActiveRecord: 0.7ms)


Started POST "/pets/1/favorite" for ::1 at 2019-12-04 14:24:48 -0700
Processing by FavoritesController#create as HTML
  Parameters: {"authenticity_token"=>"24Tg69WKXrevF+hYdcqJLt2myjjENuJaPatDUioF5b6JHwKfHPp8SkTZlK5f2wPF2Ww6NQLObeCxD7kIc+Fk0A==", "pet_id"=>"1"}
  [1m[36mPet Load (0.3ms)[0m  [1m[34mSELECT  "pets".* FROM "pets" WHERE "pets"."id" = $1 LIMIT $2[0m  [["id", 1], ["LIMIT", 1]]
  [1m[35m (0.1ms)[0m  [1m[35mBEGIN[0m
  [1m[35mSQL (0.6ms)[0m  [1m[32mINSERT INTO "favorites" ("pet_id") VALUES ($1) RETURNING "id"[0m  [["pet_id", 1]]
  [1m[35m (0.3ms)[0m  [1m[35mCOMMIT[0m
Redirected to http://localhost:3000/pets/1
Completed 302 Found in 5ms (ActiveRecord: 1.3ms)


Started GET "/pets/1" for ::1 at 2019-12-04 14:24:48 -0700
Processing by PetsController#show as HTML
  Parameters: {"id"=>"1"}
  [1m[36mPet Load (0.4ms)[0m  [1m[34mSELECT  "pets".* FROM "pets" WHERE "pets"."id" = $1 LIMIT $2[0m  [["id", 1], ["LIMIT", 1]]
  Rendering pets/show.html.erb within layouts/application
  [1m[36mShelter Load (0.2ms)[0m  [1m[34mSELECT  "shelters".* FROM "shelters" WHERE "shelters"."id" = $1 LIMIT $2[0m  [["id", 1], ["LIMIT", 1]]
  Rendered pets/show.html.erb within layouts/application (1.8ms)
  [1m[35m (0.3ms)[0m  [1m[34mSELECT COUNT(*) FROM "favorites"[0m
Completed 200 OK in 15ms (Views: 12.0ms | ActiveRecord: 0.9ms)


Started POST "/pets/1/favorite" for ::1 at 2019-12-04 14:24:48 -0700
Processing by FavoritesController#create as HTML
  Parameters: {"authenticity_token"=>"O0jyiRQcIgVwie3M4BVBgJCajHqI4Lyd0y+b+KgGxSNp0xD93WwA+JtHkTrKBMtrlFB8d04YMydfi2Gi8eJETQ==", "pet_id"=>"1"}
  [1m[36mPet Load (0.3ms)[0m  [1m[34mSELECT  "pets".* FROM "pets" WHERE "pets"."id" = $1 LIMIT $2[0m  [["id", 1], ["LIMIT", 1]]
  [1m[35m (0.1ms)[0m  [1m[35mBEGIN[0m
  [1m[35mSQL (0.6ms)[0m  [1m[32mINSERT INTO "favorites" ("pet_id") VALUES ($1) RETURNING "id"[0m  [["pet_id", 1]]
  [1m[35m (0.4ms)[0m  [1m[35mCOMMIT[0m
Redirected to http://localhost:3000/pets/1
Completed 302 Found in 5ms (ActiveRecord: 1.4ms)


Started GET "/pets/1" for ::1 at 2019-12-04 14:24:48 -0700
Processing by PetsController#show as HTML
  Parameters: {"id"=>"1"}
  [1m[36mPet Load (0.7ms)[0m  [1m[34mSELECT  "pets".* FROM "pets" WHERE "pets"."id" = $1 LIMIT $2[0m  [["id", 1], ["LIMIT", 1]]
  Rendering pets/show.html.erb within layouts/application
  [1m[36mShelter Load (0.2ms)[0m  [1m[34mSELECT  "shelters".* FROM "shelters" WHERE "shelters"."id" = $1 LIMIT $2[0m  [["id", 1], ["LIMIT", 1]]
  Rendered pets/show.html.erb within layouts/application (1.8ms)
  [1m[35m (0.2ms)[0m  [1m[34mSELECT COUNT(*) FROM "favorites"[0m
Completed 200 OK in 17ms (Views: 12.5ms | ActiveRecord: 1.2ms)


Started POST "/pets/1/favorite" for ::1 at 2019-12-04 14:24:48 -0700
Processing by FavoritesController#create as HTML
  Parameters: {"authenticity_token"=>"QK0PQdyGEl4Q1o2KH0NLGJiDTJxG69hYlfHRLwL917ISNu01FfYwo/sY8Xw1UsHznEm8kYATV+IZVSt1WxlW3A==", "pet_id"=>"1"}
  [1m[36mPet Load (0.3ms)[0m  [1m[34mSELECT  "pets".* FROM "pets" WHERE "pets"."id" = $1 LIMIT $2[0m  [["id", 1], ["LIMIT", 1]]
  [1m[35m (0.1ms)[0m  [1m[35mBEGIN[0m
  [1m[35mSQL (0.3ms)[0m  [1m[32mINSERT INTO "favorites" ("pet_id") VALUES ($1) RETURNING "id"[0m  [["pet_id", 1]]
  [1m[35m (2.4ms)[0m  [1m[35mCOMMIT[0m
Redirected to http://localhost:3000/pets/1
Completed 302 Found in 6ms (ActiveRecord: 3.2ms)


Started GET "/pets/1" for ::1 at 2019-12-04 14:24:48 -0700
Processing by PetsController#show as HTML
  Parameters: {"id"=>"1"}
  [1m[36mPet Load (0.2ms)[0m  [1m[34mSELECT  "pets".* FROM "pets" WHERE "pets"."id" = $1 LIMIT $2[0m  [["id", 1], ["LIMIT", 1]]
  Rendering pets/show.html.erb within layouts/application
  [1m[36mShelter Load (0.3ms)[0m  [1m[34mSELECT  "shelters".* FROM "shelters" WHERE "shelters"."id" = $1 LIMIT $2[0m  [["id", 1], ["LIMIT", 1]]
  Rendered pets/show.html.erb within layouts/application (1.9ms)
  [1m[35m (0.2ms)[0m  [1m[34mSELECT COUNT(*) FROM "favorites"[0m
Completed 200 OK in 14ms (Views: 11.3ms | ActiveRecord: 0.7ms)


Started POST "/pets/1/favorite" for ::1 at 2019-12-04 14:24:48 -0700
Processing by FavoritesController#create as HTML
  Parameters: {"authenticity_token"=>"GdlHBFGf9m0RGzjIcykEOvGDpeVYD49svQ+fUBVWR1xLQqVwmO/UkPrVRD5ZOI7R9UlV6J73ANYxq2UKTLLGMg==", "pet_id"=>"1"}
  [1m[36mPet Load (0.1ms)[0m  [1m[34mSELECT  "pets".* FROM "pets" WHERE "pets"."id" = $1 LIMIT $2[0m  [["id", 1], ["LIMIT", 1]]
  [1m[35m (0.2ms)[0m  [1m[35mBEGIN[0m
  [1m[35mSQL (0.4ms)[0m  [1m[32mINSERT INTO "favorites" ("pet_id") VALUES ($1) RETURNING "id"[0m  [["pet_id", 1]]
  [1m[35m (1.5ms)[0m  [1m[35mCOMMIT[0m
Redirected to http://localhost:3000/pets/1
Completed 302 Found in 5ms (ActiveRecord: 2.3ms)


Started GET "/pets/1" for ::1 at 2019-12-04 14:24:48 -0700
Processing by PetsController#show as HTML
  Parameters: {"id"=>"1"}
  [1m[36mPet Load (0.2ms)[0m  [1m[34mSELECT  "pets".* FROM "pets" WHERE "pets"."id" = $1 LIMIT $2[0m  [["id", 1], ["LIMIT", 1]]
  Rendering pets/show.html.erb within layouts/application
  [1m[36mShelter Load (0.2ms)[0m  [1m[34mSELECT  "shelters".* FROM "shelters" WHERE "shelters"."id" = $1 LIMIT $2[0m  [["id", 1], ["LIMIT", 1]]
  Rendered pets/show.html.erb within layouts/application (2.0ms)
  [1m[35m (0.3ms)[0m  [1m[34mSELECT COUNT(*) FROM "favorites"[0m
Completed 200 OK in 32ms (Views: 29.0ms | ActiveRecord: 0.7ms)


Started POST "/pets/1/favorite" for ::1 at 2019-12-04 14:24:48 -0700
Processing by FavoritesController#create as HTML
  Parameters: {"authenticity_token"=>"98imHP8R8juYbKjZCv3xoTuXf08a8VY4I7I8ZIMnxoWlU0RoNmHQxnOi1C8g7HtKP12PQtwJ2YKvFsY+2sNH6w==", "pet_id"=>"1"}
  [1m[36mPet Load (0.2ms)[0m  [1m[34mSELECT  "pets".* FROM "pets" WHERE "pets"."id" = $1 LIMIT $2[0m  [["id", 1], ["LIMIT", 1]]
  [1m[35m (0.2ms)[0m  [1m[35mBEGIN[0m
  [1m[35mSQL (0.5ms)[0m  [1m[32mINSERT INTO "favorites" ("pet_id") VALUES ($1) RETURNING "id"[0m  [["pet_id", 1]]
  [1m[35m (0.5ms)[0m  [1m[35mCOMMIT[0m
Redirected to http://localhost:3000/pets/1
Completed 302 Found in 7ms (ActiveRecord: 1.4ms)


Started GET "/pets/1" for ::1 at 2019-12-04 14:24:48 -0700
Processing by PetsController#show as HTML
  Parameters: {"id"=>"1"}
  [1m[36mPet Load (0.3ms)[0m  [1m[34mSELECT  "pets".* FROM "pets" WHERE "pets"."id" = $1 LIMIT $2[0m  [["id", 1], ["LIMIT", 1]]
  Rendering pets/show.html.erb within layouts/application
  [1m[36mShelter Load (0.3ms)[0m  [1m[34mSELECT  "shelters".* FROM "shelters" WHERE "shelters"."id" = $1 LIMIT $2[0m  [["id", 1], ["LIMIT", 1]]
  Rendered pets/show.html.erb within layouts/application (2.3ms)
  [1m[35m (0.3ms)[0m  [1m[34mSELECT COUNT(*) FROM "favorites"[0m
Completed 200 OK in 16ms (Views: 13.0ms | ActiveRecord: 0.9ms)


Started POST "/pets/1/favorite" for ::1 at 2019-12-04 14:24:48 -0700
Processing by FavoritesController#create as HTML
  Parameters: {"authenticity_token"=>"0ajaT7Elmqsz6l1cJfjIdnI0JVMIFkEWFP8VTWHrEJ2DMzg7eFW4VtgkIaoP6UKddv7VXs7uzqyYW+8XOA+R8w==", "pet_id"=>"1"}
  [1m[36mPet Load (0.2ms)[0m  [1m[34mSELECT  "pets".* FROM "pets" WHERE "pets"."id" = $1 LIMIT $2[0m  [["id", 1], ["LIMIT", 1]]
  [1m[35m (0.1ms)[0m  [1m[35mBEGIN[0m
  [1m[35mSQL (0.3ms)[0m  [1m[32mINSERT INTO "favorites" ("pet_id") VALUES ($1) RETURNING "id"[0m  [["pet_id", 1]]
  [1m[35m (1.7ms)[0m  [1m[35mCOMMIT[0m
Redirected to http://localhost:3000/pets/1
Completed 302 Found in 5ms (ActiveRecord: 2.2ms)


Started GET "/pets/1" for ::1 at 2019-12-04 14:24:48 -0700
Processing by PetsController#show as HTML
  Parameters: {"id"=>"1"}
  [1m[36mPet Load (0.4ms)[0m  [1m[34mSELECT  "pets".* FROM "pets" WHERE "pets"."id" = $1 LIMIT $2[0m  [["id", 1], ["LIMIT", 1]]
  Rendering pets/show.html.erb within layouts/application
  [1m[36mShelter Load (0.2ms)[0m  [1m[34mSELECT  "shelters".* FROM "shelters" WHERE "shelters"."id" = $1 LIMIT $2[0m  [["id", 1], ["LIMIT", 1]]
  Rendered pets/show.html.erb within layouts/application (2.0ms)
  [1m[35m (0.3ms)[0m  [1m[34mSELECT COUNT(*) FROM "favorites"[0m
Completed 200 OK in 18ms (Views: 13.0ms | ActiveRecord: 0.9ms)


Started POST "/pets/1/favorite" for ::1 at 2019-12-04 14:24:49 -0700
Processing by FavoritesController#create as HTML
  Parameters: {"authenticity_token"=>"lccVFp2a/l3OIeyokJYoOOIYNQ+xqJzy7j/OoXf4g+fHXPdiVOrcoCXvkF66h6LT5tLFAndQE0himzT7LhwCiQ==", "pet_id"=>"1"}
  [1m[36mPet Load (0.2ms)[0m  [1m[34mSELECT  "pets".* FROM "pets" WHERE "pets"."id" = $1 LIMIT $2[0m  [["id", 1], ["LIMIT", 1]]
  [1m[35m (0.1ms)[0m  [1m[35mBEGIN[0m
  [1m[35mSQL (0.6ms)[0m  [1m[32mINSERT INTO "favorites" ("pet_id") VALUES ($1) RETURNING "id"[0m  [["pet_id", 1]]
  [1m[35m (2.5ms)[0m  [1m[35mCOMMIT[0m
Redirected to http://localhost:3000/pets/1
Completed 302 Found in 6ms (ActiveRecord: 3.4ms)


Started GET "/pets/1" for ::1 at 2019-12-04 14:24:49 -0700
Processing by PetsController#show as HTML
  Parameters: {"id"=>"1"}
  [1m[36mPet Load (0.4ms)[0m  [1m[34mSELECT  "pets".* FROM "pets" WHERE "pets"."id" = $1 LIMIT $2[0m  [["id", 1], ["LIMIT", 1]]
  Rendering pets/show.html.erb within layouts/application
  [1m[36mShelter Load (0.3ms)[0m  [1m[34mSELECT  "shelters".* FROM "shelters" WHERE "shelters"."id" = $1 LIMIT $2[0m  [["id", 1], ["LIMIT", 1]]
  Rendered pets/show.html.erb within layouts/application (2.0ms)
  [1m[35m (0.3ms)[0m  [1m[34mSELECT COUNT(*) FROM "favorites"[0m
Completed 200 OK in 16ms (Views: 11.9ms | ActiveRecord: 0.9ms)


Started POST "/pets/1/favorite" for ::1 at 2019-12-04 14:24:49 -0700
Processing by FavoritesController#create as HTML
  Parameters: {"authenticity_token"=>"bKD4+5lNIa/KQv1B7hA1MVgmRBidi6wNQgDsEEyizAs+OxqPUD0DUiGMgbfEAb/aXOy0FVtzI7fOpBZKFUZNZQ==", "pet_id"=>"1"}
  [1m[36mPet Load (0.2ms)[0m  [1m[34mSELECT  "pets".* FROM "pets" WHERE "pets"."id" = $1 LIMIT $2[0m  [["id", 1], ["LIMIT", 1]]
  [1m[35m (0.1ms)[0m  [1m[35mBEGIN[0m
  [1m[35mSQL (0.2ms)[0m  [1m[32mINSERT INTO "favorites" ("pet_id") VALUES ($1) RETURNING "id"[0m  [["pet_id", 1]]
  [1m[35m (1.4ms)[0m  [1m[35mCOMMIT[0m
Redirected to http://localhost:3000/pets/1
Completed 302 Found in 5ms (ActiveRecord: 1.9ms)


Started GET "/pets/1" for ::1 at 2019-12-04 14:24:49 -0700
Processing by PetsController#show as HTML
  Parameters: {"id"=>"1"}
  [1m[36mPet Load (0.3ms)[0m  [1m[34mSELECT  "pets".* FROM "pets" WHERE "pets"."id" = $1 LIMIT $2[0m  [["id", 1], ["LIMIT", 1]]
  Rendering pets/show.html.erb within layouts/application
  [1m[36mShelter Load (0.4ms)[0m  [1m[34mSELECT  "shelters".* FROM "shelters" WHERE "shelters"."id" = $1 LIMIT $2[0m  [["id", 1], ["LIMIT", 1]]
  Rendered pets/show.html.erb within layouts/application (2.3ms)
  [1m[35m (0.2ms)[0m  [1m[34mSELECT COUNT(*) FROM "favorites"[0m
Completed 200 OK in 16ms (Views: 12.4ms | ActiveRecord: 0.9ms)


Started POST "/pets/1/favorite" for ::1 at 2019-12-04 14:24:49 -0700
Processing by FavoritesController#create as HTML
  Parameters: {"authenticity_token"=>"0t6X9RlgKvEDgG19pIe7BkIEy6TNklvVqkDO/8dQv0OARXWB0BAIDOhOEYuOljHtRs47qQtq1G8m5DSlnrQ+LQ==", "pet_id"=>"1"}
  [1m[36mPet Load (0.2ms)[0m  [1m[34mSELECT  "pets".* FROM "pets" WHERE "pets"."id" = $1 LIMIT $2[0m  [["id", 1], ["LIMIT", 1]]
  [1m[35m (0.1ms)[0m  [1m[35mBEGIN[0m
  [1m[35mSQL (0.7ms)[0m  [1m[32mINSERT INTO "favorites" ("pet_id") VALUES ($1) RETURNING "id"[0m  [["pet_id", 1]]
  [1m[35m (1.7ms)[0m  [1m[35mCOMMIT[0m
Redirected to http://localhost:3000/pets/1
Completed 302 Found in 8ms (ActiveRecord: 2.7ms)


Started GET "/pets/1" for ::1 at 2019-12-04 14:24:49 -0700
Processing by PetsController#show as HTML
  Parameters: {"id"=>"1"}
  [1m[36mPet Load (0.3ms)[0m  [1m[34mSELECT  "pets".* FROM "pets" WHERE "pets"."id" = $1 LIMIT $2[0m  [["id", 1], ["LIMIT", 1]]
  Rendering pets/show.html.erb within layouts/application
  [1m[36mShelter Load (0.2ms)[0m  [1m[34mSELECT  "shelters".* FROM "shelters" WHERE "shelters"."id" = $1 LIMIT $2[0m  [["id", 1], ["LIMIT", 1]]
  Rendered pets/show.html.erb within layouts/application (2.2ms)
  [1m[35m (0.2ms)[0m  [1m[34mSELECT COUNT(*) FROM "favorites"[0m
Completed 200 OK in 16ms (Views: 13.1ms | ActiveRecord: 0.7ms)


Started POST "/pets/1/favorite" for ::1 at 2019-12-04 14:24:49 -0700
Processing by FavoritesController#create as HTML
  Parameters: {"authenticity_token"=>"ikgBeCOJphsXYOzvIJoAdHKtpu7zSTwtqWjZwd99Yx3Y0+MM6vmE5vyukBkKi4qfdmdW4zWxs5clzCObhpnicw==", "pet_id"=>"1"}
  [1m[36mPet Load (0.2ms)[0m  [1m[34mSELECT  "pets".* FROM "pets" WHERE "pets"."id" = $1 LIMIT $2[0m  [["id", 1], ["LIMIT", 1]]
  [1m[35m (0.1ms)[0m  [1m[35mBEGIN[0m
  [1m[35mSQL (0.2ms)[0m  [1m[32mINSERT INTO "favorites" ("pet_id") VALUES ($1) RETURNING "id"[0m  [["pet_id", 1]]
  [1m[35m (0.3ms)[0m  [1m[35mCOMMIT[0m
Redirected to http://localhost:3000/pets/1
Completed 302 Found in 7ms (ActiveRecord: 0.9ms)


Started GET "/pets/1" for ::1 at 2019-12-04 14:24:49 -0700
Processing by PetsController#show as HTML
  Parameters: {"id"=>"1"}
  [1m[36mPet Load (0.7ms)[0m  [1m[34mSELECT  "pets".* FROM "pets" WHERE "pets"."id" = $1 LIMIT $2[0m  [["id", 1], ["LIMIT", 1]]
  Rendering pets/show.html.erb within layouts/application
  [1m[36mShelter Load (0.4ms)[0m  [1m[34mSELECT  "shelters".* FROM "shelters" WHERE "shelters"."id" = $1 LIMIT $2[0m  [["id", 1], ["LIMIT", 1]]
  Rendered pets/show.html.erb within layouts/application (3.1ms)
  [1m[35m (0.3ms)[0m  [1m[34mSELECT COUNT(*) FROM "favorites"[0m
Completed 200 OK in 24ms (Views: 18.6ms | ActiveRecord: 1.4ms)


Started POST "/pets/1/favorite" for ::1 at 2019-12-04 14:24:49 -0700
Processing by FavoritesController#create as HTML
  Parameters: {"authenticity_token"=>"jrDysXJ6SshLfjHzFnhmWXA5355zG5sHH6t/XECD1qfcKxDFuwpoNaCwTQU8aeyydPMvk7XjFL2TD4UGGWdXyQ==", "pet_id"=>"1"}
  [1m[36mPet Load (0.1ms)[0m  [1m[34mSELECT  "pets".* FROM "pets" WHERE "pets"."id" = $1 LIMIT $2[0m  [["id", 1], ["LIMIT", 1]]
  [1m[35m (0.1ms)[0m  [1m[35mBEGIN[0m
  [1m[35mSQL (0.2ms)[0m  [1m[32mINSERT INTO "favorites" ("pet_id") VALUES ($1) RETURNING "id"[0m  [["pet_id", 1]]
  [1m[35m (0.4ms)[0m  [1m[35mCOMMIT[0m
Redirected to http://localhost:3000/pets/1
Completed 302 Found in 4ms (ActiveRecord: 0.8ms)


Started GET "/pets/1" for ::1 at 2019-12-04 14:24:49 -0700
Processing by PetsController#show as HTML
  Parameters: {"id"=>"1"}
  [1m[36mPet Load (0.6ms)[0m  [1m[34mSELECT  "pets".* FROM "pets" WHERE "pets"."id" = $1 LIMIT $2[0m  [["id", 1], ["LIMIT", 1]]
  Rendering pets/show.html.erb within layouts/application
  [1m[36mShelter Load (0.3ms)[0m  [1m[34mSELECT  "shelters".* FROM "shelters" WHERE "shelters"."id" = $1 LIMIT $2[0m  [["id", 1], ["LIMIT", 1]]
  Rendered pets/show.html.erb within layouts/application (2.5ms)
  [1m[35m (0.3ms)[0m  [1m[34mSELECT COUNT(*) FROM "favorites"[0m
Completed 200 OK in 26ms (Views: 21.6ms | ActiveRecord: 1.2ms)


Started POST "/pets/1/favorite" for ::1 at 2019-12-04 14:24:49 -0700
Processing by FavoritesController#create as HTML
  Parameters: {"authenticity_token"=>"SUKrg7AugroKDtNVDmQT4Tuw6fiquMXX9XlCtoCrfJUb2Un3eV6gR+HAr6MkdZkKP3oZ9WxASm153bjs2U/9+w==", "pet_id"=>"1"}
  [1m[36mPet Load (1.6ms)[0m  [1m[34mSELECT  "pets".* FROM "pets" WHERE "pets"."id" = $1 LIMIT $2[0m  [["id", 1], ["LIMIT", 1]]
  [1m[35m (0.1ms)[0m  [1m[35mBEGIN[0m
  [1m[35mSQL (0.6ms)[0m  [1m[32mINSERT INTO "favorites" ("pet_id") VALUES ($1) RETURNING "id"[0m  [["pet_id", 1]]
  [1m[35m (0.4ms)[0m  [1m[35mCOMMIT[0m
Redirected to http://localhost:3000/pets/1
Completed 302 Found in 6ms (ActiveRecord: 2.7ms)


Started GET "/pets/1" for ::1 at 2019-12-04 14:24:49 -0700
Processing by PetsController#show as HTML
  Parameters: {"id"=>"1"}
  [1m[36mPet Load (0.4ms)[0m  [1m[34mSELECT  "pets".* FROM "pets" WHERE "pets"."id" = $1 LIMIT $2[0m  [["id", 1], ["LIMIT", 1]]
  Rendering pets/show.html.erb within layouts/application
  [1m[36mShelter Load (0.4ms)[0m  [1m[34mSELECT  "shelters".* FROM "shelters" WHERE "shelters"."id" = $1 LIMIT $2[0m  [["id", 1], ["LIMIT", 1]]
  Rendered pets/show.html.erb within layouts/application (2.8ms)
  [1m[35m (0.2ms)[0m  [1m[34mSELECT COUNT(*) FROM "favorites"[0m
Completed 200 OK in 21ms (Views: 16.7ms | ActiveRecord: 1.0ms)


Started POST "/pets/1/favorite" for ::1 at 2019-12-04 14:24:49 -0700
Processing by FavoritesController#create as HTML
  Parameters: {"authenticity_token"=>"bvCgO+wl32KYu+JfI2b0qS2/N3GRfw+Z+u7nwFlJxys8a0JPJVX9n3N1nqkJd35CKXXHfFeHgCN2Sh2aAK1GRQ==", "pet_id"=>"1"}
  [1m[36mPet Load (0.2ms)[0m  [1m[34mSELECT  "pets".* FROM "pets" WHERE "pets"."id" = $1 LIMIT $2[0m  [["id", 1], ["LIMIT", 1]]
  [1m[35m (0.1ms)[0m  [1m[35mBEGIN[0m
  [1m[35mSQL (0.3ms)[0m  [1m[32mINSERT INTO "favorites" ("pet_id") VALUES ($1) RETURNING "id"[0m  [["pet_id", 1]]
  [1m[35m (0.4ms)[0m  [1m[35mCOMMIT[0m
Redirected to http://localhost:3000/pets/1
Completed 302 Found in 4ms (ActiveRecord: 1.0ms)


Started GET "/pets/1" for ::1 at 2019-12-04 14:24:49 -0700
Processing by PetsController#show as HTML
  Parameters: {"id"=>"1"}
  [1m[36mPet Load (0.5ms)[0m  [1m[34mSELECT  "pets".* FROM "pets" WHERE "pets"."id" = $1 LIMIT $2[0m  [["id", 1], ["LIMIT", 1]]
  Rendering pets/show.html.erb within layouts/application
  [1m[36mShelter Load (0.3ms)[0m  [1m[34mSELECT  "shelters".* FROM "shelters" WHERE "shelters"."id" = $1 LIMIT $2[0m  [["id", 1], ["LIMIT", 1]]
  Rendered pets/show.html.erb within layouts/application (2.1ms)
  [1m[35m (0.6ms)[0m  [1m[34mSELECT COUNT(*) FROM "favorites"[0m
Completed 200 OK in 21ms (Views: 15.8ms | ActiveRecord: 1.4ms)


Started POST "/pets/1/favorite" for ::1 at 2019-12-04 14:24:49 -0700
Processing by FavoritesController#create as HTML
  Parameters: {"authenticity_token"=>"QQCEyq3uAKif8eCa7ONZAlNKUft0fgolI0w0PuyJwvATm2a+ZJ4iVXQ/nGzG8tPpV4Ch9rKGhZ+v6M5ktW1Dng==", "pet_id"=>"1"}
  [1m[36mPet Load (0.2ms)[0m  [1m[34mSELECT  "pets".* FROM "pets" WHERE "pets"."id" = $1 LIMIT $2[0m  [["id", 1], ["LIMIT", 1]]
  [1m[35m (0.1ms)[0m  [1m[35mBEGIN[0m
  [1m[35mSQL (0.4ms)[0m  [1m[32mINSERT INTO "favorites" ("pet_id") VALUES ($1) RETURNING "id"[0m  [["pet_id", 1]]
  [1m[35m (4.8ms)[0m  [1m[35mCOMMIT[0m
Redirected to http://localhost:3000/pets/1
Completed 302 Found in 9ms (ActiveRecord: 5.5ms)


Started GET "/pets/1" for ::1 at 2019-12-04 14:24:50 -0700
Processing by PetsController#show as HTML
  Parameters: {"id"=>"1"}
  [1m[36mPet Load (0.2ms)[0m  [1m[34mSELECT  "pets".* FROM "pets" WHERE "pets"."id" = $1 LIMIT $2[0m  [["id", 1], ["LIMIT", 1]]
  Rendering pets/show.html.erb within layouts/application
  [1m[36mShelter Load (0.3ms)[0m  [1m[34mSELECT  "shelters".* FROM "shelters" WHERE "shelters"."id" = $1 LIMIT $2[0m  [["id", 1], ["LIMIT", 1]]
  Rendered pets/show.html.erb within layouts/application (2.8ms)
  [1m[35m (0.4ms)[0m  [1m[34mSELECT COUNT(*) FROM "favorites"[0m
Completed 200 OK in 19ms (Views: 15.9ms | ActiveRecord: 0.9ms)


Started POST "/pets/1/favorite" for ::1 at 2019-12-04 14:24:51 -0700
Processing by FavoritesController#create as HTML
  Parameters: {"authenticity_token"=>"gHYA0uugRKts7OV8y8DOaqGeVdTUh336rO6Hcg7lZDnS7eKmItBmVocimYrh0USBpVSl2RJ/8kAgSn0oVwHlVw==", "pet_id"=>"1"}
  [1m[36mPet Load (0.1ms)[0m  [1m[34mSELECT  "pets".* FROM "pets" WHERE "pets"."id" = $1 LIMIT $2[0m  [["id", 1], ["LIMIT", 1]]
  [1m[35m (0.1ms)[0m  [1m[35mBEGIN[0m
  [1m[35mSQL (1.2ms)[0m  [1m[32mINSERT INTO "favorites" ("pet_id") VALUES ($1) RETURNING "id"[0m  [["pet_id", 1]]
  [1m[35m (1.6ms)[0m  [1m[35mCOMMIT[0m
Redirected to http://localhost:3000/pets/1
Completed 302 Found in 6ms (ActiveRecord: 3.0ms)


Started GET "/pets/1" for ::1 at 2019-12-04 14:24:51 -0700
Processing by PetsController#show as HTML
  Parameters: {"id"=>"1"}
  [1m[36mPet Load (0.2ms)[0m  [1m[34mSELECT  "pets".* FROM "pets" WHERE "pets"."id" = $1 LIMIT $2[0m  [["id", 1], ["LIMIT", 1]]
  Rendering pets/show.html.erb within layouts/application
  [1m[36mShelter Load (0.2ms)[0m  [1m[34mSELECT  "shelters".* FROM "shelters" WHERE "shelters"."id" = $1 LIMIT $2[0m  [["id", 1], ["LIMIT", 1]]
  Rendered pets/show.html.erb within layouts/application (2.4ms)
  [1m[35m (0.3ms)[0m  [1m[34mSELECT COUNT(*) FROM "favorites"[0m
Completed 200 OK in 19ms (Views: 15.9ms | ActiveRecord: 0.8ms)


  [1m[35m (2.5ms)[0m  [1m[34mSELECT "schema_migrations"."version" FROM "schema_migrations" ORDER BY "schema_migrations"."version" ASC[0m
  [1m[35m (0.3ms)[0m  [1m[34mSELECT "ar_internal_metadata"."value" FROM "ar_internal_metadata" WHERE "ar_internal_metadata"."key" = $1[0m  [["key", "environment"]]
  [1m[35m (0.1ms)[0m  [1m[34mSELECT "schema_migrations"."version" FROM "schema_migrations" ORDER BY "schema_migrations"."version" ASC[0m
  [1m[35m (0.2ms)[0m  [1m[34mSELECT "ar_internal_metadata"."value" FROM "ar_internal_metadata" WHERE "ar_internal_metadata"."key" = $1[0m  [["key", "environment"]]
  [1m[35m (0.1ms)[0m  [1m[34mSELECT "schema_migrations"."version" FROM "schema_migrations" ORDER BY "schema_migrations"."version" ASC[0m
  [1m[35m (0.1ms)[0m  [1m[34mSELECT "ar_internal_metadata"."value" FROM "ar_internal_metadata" WHERE "ar_internal_metadata"."key" = $1[0m  [["key", "environment"]]
  [1m[35m (234.0ms)[0m  [1m[35mDROP DATABASE IF EXISTS "adopt_dont_shop_development"[0m
  [1m[35m (216.5ms)[0m  [1m[35mDROP DATABASE IF EXISTS "adopt_dont_shop_test"[0m
  [1m[35m (5.5ms)[0m  [1m[35mCREATE TABLE "schema_migrations" ("version" character varying NOT NULL PRIMARY KEY)[0m
  [1m[35m (4.4ms)[0m  [1m[35mCREATE TABLE "ar_internal_metadata" ("key" character varying NOT NULL PRIMARY KEY, "value" character varying, "created_at" timestamp NOT NULL, "updated_at" timestamp NOT NULL)[0m
  [1m[35m (0.2ms)[0m  [1m[34mSELECT pg_try_advisory_lock(5022504912090105405)[0m
  [1m[35m (0.3ms)[0m  [1m[34mSELECT "schema_migrations"."version" FROM "schema_migrations" ORDER BY "schema_migrations"."version" ASC[0m
Migrating to CreateShelter (20191119023206)
  [1m[35m (0.1ms)[0m  [1m[35mBEGIN[0m
  [1m[35m (4.8ms)[0m  [1m[35mCREATE TABLE "shelters" ("id" bigserial primary key, "name" character varying, "address" character varying, "city" character varying, "state" character varying, "zip" character varying)[0m
  [1m[35mSQL (0.5ms)[0m  [1m[32mINSERT INTO "schema_migrations" ("version") VALUES ($1) RETURNING "version"[0m  [["version", "20191119023206"]]
  [1m[35m (0.4ms)[0m  [1m[35mCOMMIT[0m
Migrating to CreatePet (20191119225757)
  [1m[35m (0.2ms)[0m  [1m[35mBEGIN[0m
  [1m[35m (2.9ms)[0m  [1m[35mCREATE TABLE "pets" ("id" bigserial primary key, "name" character varying, "approximate_age" integer, "sex" character varying)[0m
  [1m[35mSQL (0.3ms)[0m  [1m[32mINSERT INTO "schema_migrations" ("version") VALUES ($1) RETURNING "version"[0m  [["version", "20191119225757"]]
  [1m[35m (0.4ms)[0m  [1m[35mCOMMIT[0m
Migrating to AddShelterIdToPets (20191119230522)
  [1m[35m (0.2ms)[0m  [1m[35mBEGIN[0m
  [1m[35m (1.1ms)[0m  [1m[35mALTER TABLE "pets" ADD "shelter_id" bigint[0m
  [1m[35m (0.9ms)[0m  [1m[35mCREATE  INDEX  "index_pets_on_shelter_id" ON "pets"  ("shelter_id")[0m
  [1m[35m (3.0ms)[0m  [1m[35mALTER TABLE "pets" ADD CONSTRAINT "fk_rails_92fb5d7a05"
FOREIGN KEY ("shelter_id")
  REFERENCES "shelters" ("id")
[0m
  [1m[35mSQL (0.3ms)[0m  [1m[32mINSERT INTO "schema_migrations" ("version") VALUES ($1) RETURNING "version"[0m  [["version", "20191119230522"]]
  [1m[35m (0.8ms)[0m  [1m[35mCOMMIT[0m
Migrating to AddImageFieldToPets (20191120225759)
  [1m[35m (0.2ms)[0m  [1m[35mBEGIN[0m
  [1m[35m (0.2ms)[0m  [1m[35mALTER TABLE "pets" ADD "image" character varying[0m
  [1m[35mSQL (0.2ms)[0m  [1m[32mINSERT INTO "schema_migrations" ("version") VALUES ($1) RETURNING "version"[0m  [["version", "20191120225759"]]
  [1m[35m (0.9ms)[0m  [1m[35mCOMMIT[0m
Migrating to AddDescriptionToPets (20191121021930)
  [1m[35m (0.2ms)[0m  [1m[35mBEGIN[0m
  [1m[35m (0.2ms)[0m  [1m[35mALTER TABLE "pets" ADD "description" character varying[0m
  [1m[35mSQL (0.2ms)[0m  [1m[32mINSERT INTO "schema_migrations" ("version") VALUES ($1) RETURNING "version"[0m  [["version", "20191121021930"]]
  [1m[35m (0.4ms)[0m  [1m[35mCOMMIT[0m
Migrating to AddAdoptionStatusToPets (20191121022448)
  [1m[35m (0.1ms)[0m  [1m[35mBEGIN[0m
  [1m[35m (0.3ms)[0m  [1m[35mALTER TABLE "pets" ADD "adoptable" boolean DEFAULT 't'[0m
  [1m[35mSQL (0.2ms)[0m  [1m[32mINSERT INTO "schema_migrations" ("version") VALUES ($1) RETURNING "version"[0m  [["version", "20191121022448"]]
  [1m[35m (0.3ms)[0m  [1m[35mCOMMIT[0m
Migrating to CreateReviews (20191203030253)
  [1m[35m (0.1ms)[0m  [1m[35mBEGIN[0m
  [1m[35m (3.4ms)[0m  [1m[35mCREATE TABLE "reviews" ("id" bigserial primary key, "title" character varying, "rating" integer, "content" character varying, "opt_picture" character varying)[0m
  [1m[35mSQL (0.2ms)[0m  [1m[32mINSERT INTO "schema_migrations" ("version") VALUES ($1) RETURNING "version"[0m  [["version", "20191203030253"]]
  [1m[35m (0.4ms)[0m  [1m[35mCOMMIT[0m
Migrating to AddSheltersToReviews (20191203031343)
  [1m[35m (0.2ms)[0m  [1m[35mBEGIN[0m
  [1m[35m (0.2ms)[0m  [1m[35mALTER TABLE "reviews" ADD "shelter_id" bigint[0m
  [1m[35m (1.3ms)[0m  [1m[35mCREATE  INDEX  "index_reviews_on_shelter_id" ON "reviews"  ("shelter_id")[0m
  [1m[35m (1.1ms)[0m  [1m[35mALTER TABLE "reviews" ADD CONSTRAINT "fk_rails_131565a078"
FOREIGN KEY ("shelter_id")
  REFERENCES "shelters" ("id")
[0m
  [1m[35mSQL (0.2ms)[0m  [1m[32mINSERT INTO "schema_migrations" ("version") VALUES ($1) RETURNING "version"[0m  [["version", "20191203031343"]]
  [1m[35m (0.4ms)[0m  [1m[35mCOMMIT[0m
  [1m[36mActiveRecord::InternalMetadata Load (0.3ms)[0m  [1m[34mSELECT  "ar_internal_metadata".* FROM "ar_internal_metadata" WHERE "ar_internal_metadata"."key" = $1 LIMIT $2[0m  [["key", "environment"], ["LIMIT", 1]]
  [1m[35m (0.1ms)[0m  [1m[35mBEGIN[0m
  [1m[35mSQL (0.3ms)[0m  [1m[32mINSERT INTO "ar_internal_metadata" ("key", "value", "created_at", "updated_at") VALUES ($1, $2, $3, $4) RETURNING "key"[0m  [["key", "environment"], ["value", "development"], ["created_at", "2019-12-05 23:13:55.354432"], ["updated_at", "2019-12-05 23:13:55.354432"]]
  [1m[35m (0.3ms)[0m  [1m[35mCOMMIT[0m
  [1m[35m (0.2ms)[0m  [1m[34mSELECT pg_advisory_unlock(5022504912090105405)[0m
  [1m[35m (0.2ms)[0m  [1m[34mSELECT "schema_migrations"."version" FROM "schema_migrations" ORDER BY "schema_migrations"."version" ASC[0m
Started GET "/pets" for ::1 at 2019-12-05 16:38:02 -0700
  [1m[35m (1.7ms)[0m  [1m[34mSELECT "schema_migrations"."version" FROM "schema_migrations" ORDER BY "schema_migrations"."version" ASC[0m
Processing by PetsController#index as HTML
  Rendering pets/index.html.erb within layouts/application
  [1m[35m (0.6ms)[0m  [1m[34mSELECT COUNT(*) FROM "pets"[0m
  [1m[36mPet Load (0.2ms)[0m  [1m[34mSELECT "pets".* FROM "pets"[0m
  Rendered pets/index.html.erb within layouts/application (5.2ms)
Completed 500 Internal Server Error in 373ms (ActiveRecord: 1.9ms)


  
ActionView::Template::Error (undefined local variable or method `favorite_pets' for #<#<Class:0x00007fdabdb801d8>:0x00007fdabdb8df18>
Did you mean?  favorites_path):
    15:      <nav>
    16:        <nav_items><li><%= link_to "View all pets", "/pets" %></li></nav_items>
    17:        <nav_items><li><%= link_to "View all shelters", "/shelters" %></li></nav_items>
    18:        <nav_items><li>Favorite Pets: <%= link_to "#{favorite_pets.count_of_pets}", "/favorites" %></li></nav_items>
    19:      </nav>
    20: 
    21:      <% flash.each do |type, message| %>
  
app/views/layouts/application.html.erb:18:in `_app_views_layouts_application_html_erb___1762928029542214519_70288731100000'
Started GET "/" for ::1 at 2019-12-05 16:38:24 -0700
Processing by WelcomeController#index as HTML
  Rendering welcome/index.html.erb within layouts/application
  Rendered welcome/index.html.erb within layouts/application (0.2ms)
Completed 500 Internal Server Error in 204ms (ActiveRecord: 0.0ms)


  
ActionView::Template::Error (undefined local variable or method `favorite_pets' for #<#<Class:0x00007fdac00c08a8>:0x00007fdac00a3f00>
Did you mean?  favorites_path):
    15:      <nav>
    16:        <nav_items><li><%= link_to "View all pets", "/pets" %></li></nav_items>
    17:        <nav_items><li><%= link_to "View all shelters", "/shelters" %></li></nav_items>
    18:        <nav_items><li>Favorite Pets: <%= link_to "#{favorite_pets.count_of_pets}", "/favorites" %></li></nav_items>
    19:      </nav>
    20: 
    21:      <% flash.each do |type, message| %>
  
app/views/layouts/application.html.erb:18:in `_app_views_layouts_application_html_erb___1762928029542214519_70288750680980'
Started GET "/" for ::1 at 2019-12-05 16:41:57 -0700
Processing by WelcomeController#index as HTML
  Rendering welcome/index.html.erb within layouts/application
  Rendered welcome/index.html.erb within layouts/application (0.3ms)
Completed 500 Internal Server Error in 22ms (ActiveRecord: 1.2ms)


  
ActionView::Template::Error (PG::UndefinedTable: ERROR:  relation "favorites" does not exist
LINE 8:                WHERE a.attrelid = '"favorites"'::regclass
                                          ^
:               SELECT a.attname, format_type(a.atttypid, a.atttypmod),
                     pg_get_expr(d.adbin, d.adrelid), a.attnotnull, a.atttypid, a.atttypmod,
                     c.collname, col_description(a.attrelid, a.attnum) AS comment
                FROM pg_attribute a
                LEFT JOIN pg_attrdef d ON a.attrelid = d.adrelid AND a.attnum = d.adnum
                LEFT JOIN pg_type t ON a.atttypid = t.oid
                LEFT JOIN pg_collation c ON a.attcollation = c.oid AND a.attcollation <> t.typcollation
               WHERE a.attrelid = '"favorites"'::regclass
                 AND a.attnum > 0 AND NOT a.attisdropped
               ORDER BY a.attnum
):
    15:      <nav>
    16:        <nav_items><li><%= link_to "View all pets", "/pets" %></li></nav_items>
    17:        <nav_items><li><%= link_to "View all shelters", "/shelters" %></li></nav_items>
    18:        <nav_items><li>Favorite Pets: <%= link_to "#{favorite_pets.count_of_pets}", "/favorites" %></li></nav_items>
    19:      </nav>
    20: 
    21:      <% flash.each do |type, message| %>
  
app/controllers/application_controller.rb:6:in `favorite_pets'
app/views/layouts/application.html.erb:18:in `_app_views_layouts_application_html_erb___1762928029542214519_70288712587440'
Started GET "/" for ::1 at 2019-12-05 16:43:36 -0700
Processing by WelcomeController#index as HTML
  Rendering welcome/index.html.erb within layouts/application
  Rendered welcome/index.html.erb within layouts/application (0.2ms)
Completed 500 Internal Server Error in 15ms (ActiveRecord: 0.0ms)


  
ActionView::Template::Error (undefined method `length' for nil:NilClass):
    15:      <nav>
    16:        <nav_items><li><%= link_to "View all pets", "/pets" %></li></nav_items>
    17:        <nav_items><li><%= link_to "View all shelters", "/shelters" %></li></nav_items>
    18:        <nav_items><li>Favorite Pets: <%= link_to "#{favorite_pets.count_of_pets}", "/favorites" %></li></nav_items>
    19:      </nav>
    20: 
    21:      <% flash.each do |type, message| %>
  
app/poros/favorite.rb:8:in `count_of_pets'
app/views/layouts/application.html.erb:18:in `_app_views_layouts_application_html_erb___1762928029542214519_70288706900920'
Started GET "/" for ::1 at 2019-12-05 16:44:14 -0700
Processing by WelcomeController#index as HTML
  Rendering welcome/index.html.erb within layouts/application
  Rendered welcome/index.html.erb within layouts/application (0.3ms)
Completed 500 Internal Server Error in 17ms (ActiveRecord: 0.0ms)


  
ActionView::Template::Error (undefined method `length' for nil:NilClass):
    15:      <nav>
    16:        <nav_items><li><%= link_to "View all pets", "/pets" %></li></nav_items>
    17:        <nav_items><li><%= link_to "View all shelters", "/shelters" %></li></nav_items>
    18:        <nav_items><li>Favorite Pets: <%= link_to "#{favorite_pets.count_of_pets}", "/favorites" %></li></nav_items>
    19:      </nav>
    20: 
    21:      <% flash.each do |type, message| %>
  
app/poros/favorite.rb:8:in `count_of_pets'
app/views/layouts/application.html.erb:18:in `_app_views_layouts_application_html_erb___1762928029542214519_70288715075160'
Started GET "/" for ::1 at 2019-12-05 16:44:16 -0700
Processing by WelcomeController#index as HTML
  Rendering welcome/index.html.erb within layouts/application
  Rendered welcome/index.html.erb within layouts/application (0.3ms)
Completed 500 Internal Server Error in 16ms (ActiveRecord: 0.0ms)


  
ActionView::Template::Error (undefined method `length' for nil:NilClass):
    15:      <nav>
    16:        <nav_items><li><%= link_to "View all pets", "/pets" %></li></nav_items>
    17:        <nav_items><li><%= link_to "View all shelters", "/shelters" %></li></nav_items>
    18:        <nav_items><li>Favorite Pets: <%= link_to "#{favorite_pets.count_of_pets}", "/favorites" %></li></nav_items>
    19:      </nav>
    20: 
    21:      <% flash.each do |type, message| %>
  
app/poros/favorite.rb:8:in `count_of_pets'
app/views/layouts/application.html.erb:18:in `_app_views_layouts_application_html_erb___1762928029542214519_70288706952480'
Started GET "/" for ::1 at 2019-12-05 16:44:17 -0700
Processing by WelcomeController#index as HTML
  Rendering welcome/index.html.erb within layouts/application
  Rendered welcome/index.html.erb within layouts/application (0.3ms)
Completed 500 Internal Server Error in 20ms (ActiveRecord: 0.0ms)


  
ActionView::Template::Error (undefined method `length' for nil:NilClass):
    15:      <nav>
    16:        <nav_items><li><%= link_to "View all pets", "/pets" %></li></nav_items>
    17:        <nav_items><li><%= link_to "View all shelters", "/shelters" %></li></nav_items>
    18:        <nav_items><li>Favorite Pets: <%= link_to "#{favorite_pets.count_of_pets}", "/favorites" %></li></nav_items>
    19:      </nav>
    20: 
    21:      <% flash.each do |type, message| %>
  
app/poros/favorite.rb:8:in `count_of_pets'
app/views/layouts/application.html.erb:18:in `_app_views_layouts_application_html_erb___1762928029542214519_70288699940360'
Started GET "/" for ::1 at 2019-12-05 16:45:18 -0700
Processing by WelcomeController#index as HTML
  Rendering welcome/index.html.erb within layouts/application
  Rendered welcome/index.html.erb within layouts/application (0.3ms)
Completed 200 OK in 18ms (Views: 16.3ms | ActiveRecord: 0.0ms)


Started GET "/pets" for ::1 at 2019-12-05 16:45:30 -0700
Processing by PetsController#index as HTML
  Rendering pets/index.html.erb within layouts/application
  [1m[35m (0.1ms)[0m  [1m[34mSELECT COUNT(*) FROM "pets"[0m
  [1m[36mPet Load (0.2ms)[0m  [1m[34mSELECT "pets".* FROM "pets"[0m
  Rendered pets/index.html.erb within layouts/application (3.3ms)
Completed 500 Internal Server Error in 27ms (ActiveRecord: 1.1ms)


  
ActionView::Template::Error (undefined method `count_of_pets' for #<ActiveRecord::Relation []>):
    15:      <nav>
    16:        <nav_items><li><%= link_to "View all pets", "/pets" %></li></nav_items>
    17:        <nav_items><li><%= link_to "View all shelters", "/shelters" %></li></nav_items>
    18:        <nav_items><li>Favorite Pets: <%= link_to "#{favorite_pets.count_of_pets}", "/favorites" %></li></nav_items>
    19:      </nav>
    20: 
    21:      <% flash.each do |type, message| %>
  
app/views/layouts/application.html.erb:18:in `_app_views_layouts_application_html_erb___1762928029542214519_70288715024980'
Started GET "/favorites" for ::1 at 2019-12-05 16:46:36 -0700
Processing by FavoritesController#index as HTML
Completed 500 Internal Server Error in 1ms (ActiveRecord: 0.0ms)


  
NoMethodError (undefined method `count' for Favorite:Class):
  
app/controllers/favorites_controller.rb:16:in `index'
Started GET "/pets" for ::1 at 2019-12-05 16:46:40 -0700
Processing by PetsController#index as HTML
  Rendering pets/index.html.erb within layouts/application
  [1m[35m (0.6ms)[0m  [1m[34mSELECT COUNT(*) FROM "pets"[0m
  [1m[36mPet Load (0.1ms)[0m  [1m[34mSELECT "pets".* FROM "pets"[0m
  Rendered pets/index.html.erb within layouts/application (2.6ms)
Completed 500 Internal Server Error in 23ms (ActiveRecord: 0.7ms)


  
ActionView::Template::Error (undefined method `count_of_pets' for #<ActiveRecord::Relation []>):
    15:      <nav>
    16:        <nav_items><li><%= link_to "View all pets", "/pets" %></li></nav_items>
    17:        <nav_items><li><%= link_to "View all shelters", "/shelters" %></li></nav_items>
    18:        <nav_items><li>Favorite Pets: <%= link_to "#{favorite_pets.count_of_pets}", "/favorites" %></li></nav_items>
    19:      </nav>
    20: 
    21:      <% flash.each do |type, message| %>
  
app/views/layouts/application.html.erb:18:in `_app_views_layouts_application_html_erb___1762928029542214519_70288732107340'
Started GET "/pets" for ::1 at 2019-12-05 16:46:56 -0700
Processing by PetsController#index as HTML
  Rendering pets/index.html.erb within layouts/application
  [1m[35m (0.2ms)[0m  [1m[34mSELECT COUNT(*) FROM "pets"[0m
  [1m[36mPet Load (0.2ms)[0m  [1m[34mSELECT "pets".* FROM "pets"[0m
  Rendered pets/index.html.erb within layouts/application (4.2ms)
Completed 500 Internal Server Error in 34951ms (ActiveRecord: 1.3ms)


  
SystemExit (exit):
  
app/controllers/application_controller.rb:7:in `favorite_pets'
app/views/layouts/application.html.erb:18:in `_app_views_layouts_application_html_erb___1762928029542214519_70288706896760'
Started GET "/" for ::1 at 2019-12-05 16:47:38 -0700
Processing by WelcomeController#index as HTML
  Rendering welcome/index.html.erb within layouts/application
  Rendered welcome/index.html.erb within layouts/application (0.3ms)
Started GET "/pets" for ::1 at 2019-12-05 16:47:40 -0700
Processing by PetsController#index as HTML
  Rendering pets/index.html.erb within layouts/application
  [1m[35m (0.2ms)[0m  [1m[34mSELECT COUNT(*) FROM "pets"[0m
  [1m[36mPet Load (0.2ms)[0m  [1m[34mSELECT "pets".* FROM "pets"[0m
  Rendered pets/index.html.erb within layouts/application (2.0ms)
Completed 500 Internal Server Error in 114651ms (ActiveRecord: 0.4ms)


  
SystemExit (exit):
  
app/controllers/application_controller.rb:7:in `favorite_pets'
app/views/layouts/application.html.erb:18:in `_app_views_layouts_application_html_erb___1762928029542214519_70288744830260'
Completed 500 Internal Server Error in 134758ms (ActiveRecord: 0.0ms)


  
SystemExit (exit):
  
app/controllers/application_controller.rb:7:in `favorite_pets'
app/views/layouts/application.html.erb:18:in `_app_views_layouts_application_html_erb___1762928029542214519_70288744759420'
Started GET "/" for ::1 at 2019-12-05 17:03:09 -0700
  [1m[35m (2.3ms)[0m  [1m[34mSELECT "schema_migrations"."version" FROM "schema_migrations" ORDER BY "schema_migrations"."version" ASC[0m
Processing by WelcomeController#index as HTML
  Rendering welcome/index.html.erb within layouts/application
  Rendered welcome/index.html.erb within layouts/application (0.8ms)
Completed 200 OK in 151ms (Views: 149.4ms | ActiveRecord: 0.0ms)


Started GET "/pets" for ::1 at 2019-12-05 17:03:14 -0700
Processing by PetsController#index as HTML
  Rendering pets/index.html.erb within layouts/application
  [1m[35m (0.6ms)[0m  [1m[34mSELECT COUNT(*) FROM "pets"[0m
  [1m[36mPet Load (0.4ms)[0m  [1m[34mSELECT "pets".* FROM "pets"[0m
  Rendered pets/index.html.erb within layouts/application (16.8ms)
Completed 500 Internal Server Error in 42ms (ActiveRecord: 8.4ms)


  
ActionView::Template::Error (undefined method `count_of_pets' for #<ActiveRecord::Relation []>):
    15:      <nav>
    16:        <nav_items><li><%= link_to "View all pets", "/pets" %></li></nav_items>
    17:        <nav_items><li><%= link_to "View all shelters", "/shelters" %></li></nav_items>
    18:        <nav_items><li>Favorite Pets: <%= link_to "#{favorite_pets.count_of_pets}", "/favorites" %></li></nav_items>
    19:      </nav>
    20: 
    21:      <% flash.each do |type, message| %>
  
app/views/layouts/application.html.erb:18:in `_app_views_layouts_application_html_erb__394683151668151159_70217971007700'
